<?xml version="1.0" encoding="UTF-8"?>
<testsuite name="IntroLabTest" tests="2" skipped="0" failures="1" errors="0" timestamp="2022-09-12T21:22:45" hostname="Aris-MacBook-Pro.local" time="0.02">
  <properties/>
  <testcase name="testAriStudent" classname="IntroLabTest" time="0.019">
    <failure message="org.junit.runners.model.TestTimedOutException: test timed out after 10 milliseconds" type="org.junit.runners.model.TestTimedOutException">org.junit.runners.model.TestTimedOutException: test timed out after 10 milliseconds
	at java.base@11.0.9.1/jdk.internal.org.objectweb.asm.Type.getArgumentsAndReturnSizes(Type.java:455)
	at java.base@11.0.9.1/jdk.internal.org.objectweb.asm.Frame.pop(Frame.java:865)
	at java.base@11.0.9.1/jdk.internal.org.objectweb.asm.Frame.execute(Frame.java:1331)
	at java.base@11.0.9.1/jdk.internal.org.objectweb.asm.MethodWriter.visitMethodInsn(MethodWriter.java:933)
	at java.base@11.0.9.1/java.lang.invoke.InvokerBytecodeGenerator.emitStaticInvoke(InvokerBytecodeGenerator.java:1031)
	at java.base@11.0.9.1/java.lang.invoke.InvokerBytecodeGenerator.addMethod(InvokerBytecodeGenerator.java:844)
	at java.base@11.0.9.1/java.lang.invoke.InvokerBytecodeGenerator.generateCustomizedCodeBytes(InvokerBytecodeGenerator.java:735)
	at java.base@11.0.9.1/java.lang.invoke.InvokerBytecodeGenerator.generateCustomizedCode(InvokerBytecodeGenerator.java:693)
	at java.base@11.0.9.1/java.lang.invoke.LambdaForm.compileToBytecode(LambdaForm.java:871)
	at java.base@11.0.9.1/java.lang.invoke.LambdaForm.prepare(LambdaForm.java:829)
	at java.base@11.0.9.1/java.lang.invoke.MethodHandle.&lt;init&gt;(MethodHandle.java:468)
	at java.base@11.0.9.1/java.lang.invoke.BoundMethodHandle.&lt;init&gt;(BoundMethodHandle.java:54)
	at java.base@11.0.9.1/java.lang.invoke.BoundMethodHandle$Species_LLLLLLLLI.&lt;init&gt;(java/lang/invoke/BoundMethodHandle$Species_LLLLLLLLI)
	at java.base@11.0.9.1/java.lang.invoke.BoundMethodHandle$Species_LLLLLLLLI.make(java/lang/invoke/BoundMethodHandle$Species_LLLLLLLLI)
	at java.base@11.0.9.1/java.lang.invoke.LambdaForm$DMH/0x000000080016c840.invokeStatic(LambdaForm$DMH)
	at java.base@11.0.9.1/java.lang.invoke.BoundMethodHandle$Species_LLLLLLLL.copyWithExtendI(java/lang/invoke/BoundMethodHandle$Species_LLLLLLLL)
	at java.base@11.0.9.1/java.lang.invoke.LambdaFormEditor.bindArgumentI(LambdaFormEditor.java:403)
	at java.base@11.0.9.1/java.lang.invoke.BoundMethodHandle.bindArgumentI(BoundMethodHandle.java:100)
	at java.base@11.0.9.1/java.lang.invoke.MethodHandles.insertArgumentPrimitive(MethodHandles.java:3524)
	at java.base@11.0.9.1/java.lang.invoke.MethodHandles.insertArguments(MethodHandles.java:3509)
	at java.base@11.0.9.1/java.lang.invoke.StringConcatFactory$MethodHandleInlineCopyStrategy.generate(StringConcatFactory.java:1621)
	at java.base@11.0.9.1/java.lang.invoke.StringConcatFactory.generate(StringConcatFactory.java:756)
	at java.base@11.0.9.1/java.lang.invoke.StringConcatFactory.doStringConcat(StringConcatFactory.java:665)
	at java.base@11.0.9.1/java.lang.invoke.StringConcatFactory.makeConcatWithConstants(StringConcatFactory.java:581)
	at java.base@11.0.9.1/java.lang.invoke.DirectMethodHandle$Holder.invokeStatic(DirectMethodHandle$Holder)
	at java.base@11.0.9.1/java.lang.invoke.DelegatingMethodHandle$Holder.delegate(DelegatingMethodHandle$Holder)
	at java.base@11.0.9.1/java.lang.invoke.LambdaForm$MH/0x0000000800097c40.invokeExact_MT(LambdaForm$MH)
	at java.base@11.0.9.1/java.lang.invoke.BootstrapMethodInvoker.invoke(BootstrapMethodInvoker.java:99)
	at java.base@11.0.9.1/java.lang.invoke.CallSite.makeSite(CallSite.java:307)
	at java.base@11.0.9.1/java.lang.invoke.MethodHandleNatives.linkCallSiteImpl(MethodHandleNatives.java:258)
	at java.base@11.0.9.1/java.lang.invoke.MethodHandleNatives.linkCallSite(MethodHandleNatives.java:248)
	at app//IntroLab.printLabMessage(IntroLab.java:32)
	at app//IntroLab.bapnaari(IntroLab.java:43)
	at app//IntroLabTest.testAriStudent(IntroLabTest.java:36)
	at java.base@11.0.9.1/jdk.internal.reflect.NativeMethodAccessorImpl.invoke0(Native Method)
	at java.base@11.0.9.1/jdk.internal.reflect.NativeMethodAccessorImpl.invoke(NativeMethodAccessorImpl.java:62)
	at java.base@11.0.9.1/jdk.internal.reflect.DelegatingMethodAccessorImpl.invoke(DelegatingMethodAccessorImpl.java:43)
	at java.base@11.0.9.1/java.lang.reflect.Method.invoke(Method.java:566)
	at app//org.junit.runners.model.FrameworkMethod$1.runReflectiveCall(FrameworkMethod.java:59)
	at app//org.junit.internal.runners.model.ReflectiveCallable.run(ReflectiveCallable.java:12)
	at app//org.junit.runners.model.FrameworkMethod.invokeExplosively(FrameworkMethod.java:56)
	at app//org.junit.internal.runners.statements.InvokeMethod.evaluate(InvokeMethod.java:17)
	at app//org.junit.internal.runners.statements.FailOnTimeout$CallableStatement.call(FailOnTimeout.java:288)
	at app//org.junit.internal.runners.statements.FailOnTimeout$CallableStatement.call(FailOnTimeout.java:282)
	at java.base@11.0.9.1/java.util.concurrent.FutureTask.run(FutureTask.java:264)
	at java.base@11.0.9.1/java.lang.Thread.run(Thread.java:834)
</failure>
  </testcase>
  <testcase name="testExampleStudent" classname="IntroLabTest" time="0.001"/>
  <system-out><![CDATA[]]></system-out>
  <system-err><![CDATA[]]></system-err>
</testsuite>
